
============================================================
  PropEdge V17.0 — Batch 4  |  2026-04-05 UK
============================================================
  DVP updated: 90 entries written → dvp_rankings.json
  Loading game logs...
  ✓ V14 Adaptive Fusion models loaded (502 player trust scores)
  Excel: 132 props for 2026-04-05
  Scored: 130 plays | Skipped: {'no_player': 2, 'no_history': 0, 'no_feats': 0}
  T1: 10  T2: 15
  today.json: 130 plays saved (0 graded from today preserved)
  Git push ✓

  ✓ Batch 4 complete — 130 plays.


============================================================
  PropEdge V17.0 — Batch 4  |  2026-04-06 UK
============================================================
  DVP updated: 90 entries written → dvp_rankings.json
  Loading game logs...
  ✓ V14 Adaptive Fusion models loaded (502 player trust scores)
  Excel: 60 props for 2026-04-06
  Scored: 60 plays | Skipped: {'no_player': 0, 'no_history': 0, 'no_feats': 0}
  T1: 0  T2: 0
  today.json: 60 plays saved (0 graded from today preserved)
  Git push ✓

  ✓ Batch 4 complete — 60 plays.

